<?xml version="1.0" encoding="UTF-8"?>
<!-- Generated by org.testng.reporters.JUnitReportReporter -->
<testsuite hostname="DLLB0013" name="com.framework.tests.TestGroup" tests="2" failures="0" timestamp="19 Jun 2018 12:35:24 GMT" time="0.012" errors="0">
  <testcase name="runFinal" time="0.008" classname="com.framework.tests.TestGroup"/>
  <testcase name="runFinal2" time="0.004" classname="com.framework.tests.TestGroup"/>
</testsuite> <!-- com.framework.tests.TestGroup -->
