<?xml version="1.0" encoding="UTF-8"?>
<!-- Generated by org.testng.reporters.JUnitReportReporter -->
<testsuite hostname="DLLB0013" name="com.framework.tests.TestNgSequence3" tests="3" failures="0" timestamp="19 Jun 2018 14:18:22 GMT" time="0.015" errors="0">
  <testcase name="testCase1" time="0.006" classname="com.framework.tests.TestNgSequence3"/>
  <testcase name="testCase3" time="0.004" classname="com.framework.tests.TestNgSequence3"/>
  <testcase name="test0" time="0.005" classname="com.framework.tests.TestNgSequence3"/>
</testsuite> <!-- com.framework.tests.TestNgSequence3 -->
