<?xml version="1.0" encoding="UTF-8"?>
<!-- Generated by org.testng.reporters.JUnitReportReporter -->
<testsuite hostname="DLLB0013" name="com.framework.tests.TestGroups2" tests="1" failures="0" timestamp="19 Jun 2018 12:40:49 GMT" time="0.012" errors="0">
  <testcase name="testForRgression" time="0.012" classname="com.framework.tests.TestGroups2"/>
</testsuite> <!-- com.framework.tests.TestGroups2 -->
