<?xml version="1.0" encoding="UTF-8"?>
<!-- Generated by org.testng.reporters.JUnitReportReporter -->
<testsuite hostname="DLLB0013" name="com.framework.tests.TestNgInvocationCount" tests="5" failures="0" timestamp="19 Jun 2018 11:39:11 GMT" time="0.043" errors="0">
  <testcase name="test_01" time="0.036" classname="com.framework.tests.TestNgInvocationCount"/>
  <testcase name="test_01" time="0.002" classname="com.framework.tests.TestNgInvocationCount"/>
  <testcase name="test_01" time="0.002" classname="com.framework.tests.TestNgInvocationCount"/>
  <testcase name="test_01" time="0.001" classname="com.framework.tests.TestNgInvocationCount"/>
  <testcase name="test_01" time="0.002" classname="com.framework.tests.TestNgInvocationCount"/>
</testsuite> <!-- com.framework.tests.TestNgInvocationCount -->
