<?xml version="1.0" encoding="UTF-8"?>
<!-- Generated by org.testng.reporters.JUnitReportReporter -->
<testsuite hostname="DLLB0013" name="com.framework.tests.TestNgExpectedException" tests="2" failures="0" timestamp="19 Jun 2018 11:53:37 GMT" time="0.016" errors="0">
  <testcase name="testSum" time="0.014" classname="com.framework.tests.TestNgExpectedException"/>
  <testcase name="test_01" time="0.002" classname="com.framework.tests.TestNgExpectedException"/>
</testsuite> <!-- com.framework.tests.TestNgExpectedException -->
