<?xml version="1.0" encoding="UTF-8"?>
<!-- Generated by org.testng.reporters.JUnitReportReporter -->
<testsuite hostname="DLLB0013" name="com.framework.tests.SignInToApplication" tests="7" failures="0" timestamp="20 Jun 2018 07:46:25 GMT" time="0.030" errors="0">
  <testcase name="simpleTest" time="0.001" classname="com.framework.tests.SignInToApplication"/>
  <testcase name="z" time="0.003" classname="com.framework.tests.SignInToApplication"/>
  <testcase name="d" time="0.002" classname="com.framework.tests.SignInToApplication"/>
  <testcase name="c" time="0.017" classname="com.framework.tests.SignInToApplication"/>
  <testcase name="factoryMethod" time="0.002" classname="com.framework.tests.SignInToApplication"/>
  <testcase name="b" time="0.003" classname="com.framework.tests.SignInToApplication"/>
  <testcase name="f" time="0.002" classname="com.framework.tests.SignInToApplication"/>
</testsuite> <!-- com.framework.tests.SignInToApplication -->
