<?xml version="1.0" encoding="UTF-8"?>
<!-- Generated by org.testng.reporters.JUnitReportReporter -->
<testsuite hostname="DLLB0013" name="com.framework.tests.TestNgSequence2" tests="1" failures="0" timestamp="19 Jun 2018 14:18:22 GMT" time="0.002" errors="0">
  <testcase name="testCase3" time="0.002" classname="com.framework.tests.TestNgSequence2"/>
</testsuite> <!-- com.framework.tests.TestNgSequence2 -->
