<?xml version="1.0" encoding="UTF-8"?>
<!-- Generated by org.testng.reporters.JUnitReportReporter -->
<testsuite hostname="DLLB0013" name="com.framework.tests.TestNgListnerTest" tests="2" failures="0" timestamp="19 Jun 2018 12:48:46 GMT" time="0.016" errors="0">
  <testcase name="test_01" time="0.014" classname="com.framework.tests.TestNgListnerTest"/>
  <testcase name="test_02" time="0.002" classname="com.framework.tests.TestNgListnerTest"/>
</testsuite> <!-- com.framework.tests.TestNgListnerTest -->
