<?xml version="1.0" encoding="UTF-8"?>
<!-- Generated by org.testng.reporters.JUnitReportReporter -->
<testsuite hostname="DLLB0013" name="com.framework.tests.TestNgSequence" tests="2" failures="0" timestamp="20 Jun 2018 07:50:31 GMT" time="0.012" errors="0">
  <testcase name="testCase3" time="0.004" classname="com.framework.tests.TestNgSequence"/>
  <testcase name="testCase1" time="0.008" classname="com.framework.tests.TestNgSequence"/>
</testsuite> <!-- com.framework.tests.TestNgSequence -->
