<?xml version="1.0" encoding="UTF-8"?>
<!-- Generated by org.testng.reporters.JUnitReportReporter -->
<testsuite hostname="DLLB0013" name="com.framework.tests.AnnotationTest" tests="4" failures="0" timestamp="20 Jun 2018 07:45:09 GMT" time="0.019" errors="0">
  <testcase name="a" time="0.013" classname="com.framework.tests.AnnotationTest"/>
  <testcase name="d" time="0.002" classname="com.framework.tests.AnnotationTest"/>
  <testcase name="e" time="0.002" classname="com.framework.tests.AnnotationTest"/>
  <testcase name="b" time="0.002" classname="com.framework.tests.AnnotationTest"/>
</testsuite> <!-- com.framework.tests.AnnotationTest -->
