<?xml version="1.0" encoding="UTF-8"?>
<!-- Generated by org.testng.reporters.JUnitReportReporter -->
<testsuite hostname="DLLB0013" name="com.framework.actions.NewTest" tests="4" failures="0" timestamp="8 Feb 2018 16:52:12 GMT" time="36.666" errors="0">
  <testcase name="VerifyUserGetLoggedIn" time="0.064" classname="com.framework.actions.NewTest"/>
  <testcase name="EnterUserName" time="0.341" classname="com.framework.actions.NewTest"/>
  <testcase name="LaunchURL" time="14.651" classname="com.framework.actions.NewTest"/>
  <testcase name="EnterPassword" time="21.610" classname="com.framework.actions.NewTest"/>
</testsuite> <!-- com.framework.actions.NewTest -->
